<?xml version="1.0" encoding="UTF-8"?>
<testsuite name="de.donnerbart.example.DeletedTest" tests="1" skipped="0" failures="1" errors="0"
           timestamp="2025-01-01T00:00:00" hostname="example" time="2.374">
    <properties/>
    <testcase name="testDeletedMethod()"
              classname="de.donnerbart.example.DeletedTest" time="2.374"/>
    <system-out><![CDATA[]]></system-out>
    <system-err><![CDATA[]]></system-err>
</testsuite>
