<?xml version="1.0" encoding="UTF-8"?>
<testsuite name="de.donnerbart.example.SlowTest" tests="1" skipped="0" failures="0" errors="0"
           timestamp="2025-01-01T00:00:00" hostname="example" time="12.386">
    <properties/>
    <testcase name="testFastMethod()"
              classname="de.donnerbart.example.SlowTest" time="12.386"/>
    <system-out><![CDATA[]]></system-out>
    <system-err><![CDATA[]]></system-err>
</testsuite>
